<?xml version="1.0" encoding="UTF-8"?>
<testsuite xmlns:xsi="http://www.w3.org/2001/XMLSchema-instance" xsi:noNamespaceSchemaLocation="https://maven.apache.org/surefire/maven-surefire-plugin/xsd/surefire-test-report-3.0.xsd" version="3.0" name="com.udb.productosBancarios.ProductosBancariosApplicationTests" time="2.742" tests="1" errors="0" skipped="0" failures="0">
  <properties>
[...]
</properties>
  <testcase name="contextLoads" classname="com.udb.productosBancarios.ProductosBancariosApplicationTests" time="0.319">
    <system-out><![CDATA[01:35:43.052 [main] INFO org.springframework.test.context.support.AnnotationConfigContextLoaderUtils -- Could not detect default configuration classes for test class [com.udb.productosBancarios.ProductosBancariosApplicationTests]: ProductosBancariosApplicationTests does not declare any static, non-private, non-final, nested classes annotated with @Configuration.
01:35:43.112 [main] INFO org.springframework.boot.test.context.SpringBootTestContextBootstrapper -- Found @SpringBootConfiguration com.udb.productosBancarios.ProductosBancariosApplication for test class com.udb.productosBancarios.ProductosBancariosApplicationTests

  .   ____          _            __ _ _
 /\\ / ___'_ __ _ _(_)_ __  __ _ \ \ \ \
( ( )\___ | '_ | '_| | '_ \/ _` | \ \ \ \
 \\/  ___)| |_)| | | | | || (_| |  ) ) ) )
  '  |____| .__|_| |_|_| |_\__, | / / / /
 =========|_|==============|___/=/_/_/_/

 :: Spring Boot ::                (v3.3.4)

2024-10-16T01:35:43.342-06:00  INFO 22312 --- [productosBancarios] [           main] c.u.p.ProductosBancariosApplicationTests : Starting ProductosBancariosApplicationTests using Java 21.0.4 with PID 22312 (started by Johan in C:\Users\Johan\Desktop\productosBancarios\productosBancarios)
2024-10-16T01:35:43.343-06:00  INFO 22312 --- [productosBancarios] [           main] c.u.p.ProductosBancariosApplicationTests : No active profile set, falling back to 1 default profile: "default"
2024-10-16T01:35:43.709-06:00  INFO 22312 --- [productosBancarios] [           main] .s.d.r.c.RepositoryConfigurationDelegate : Bootstrapping Spring Data JPA repositories in DEFAULT mode.
2024-10-16T01:35:43.744-06:00  INFO 22312 --- [productosBancarios] [           main] .s.d.r.c.RepositoryConfigurationDelegate : Finished Spring Data repository scanning in 30 ms. Found 2 JPA repository interfaces.
2024-10-16T01:35:43.987-06:00  INFO 22312 --- [productosBancarios] [           main] o.hibernate.jpa.internal.util.LogHelper  : HHH000204: Processing PersistenceUnitInfo [name: default]
2024-10-16T01:35:44.021-06:00  INFO 22312 --- [productosBancarios] [           main] org.hibernate.Version                    : HHH000412: Hibernate ORM core version 6.5.3.Final
2024-10-16T01:35:44.041-06:00  INFO 22312 --- [productosBancarios] [           main] o.h.c.internal.RegionFactoryInitiator    : HHH000026: Second-level cache disabled
2024-10-16T01:35:44.242-06:00  INFO 22312 --- [productosBancarios] [           main] o.s.o.j.p.SpringPersistenceUnitInfo      : No LoadTimeWeaver setup: ignoring JPA class transformer
2024-10-16T01:35:44.268-06:00  INFO 22312 --- [productosBancarios] [           main] com.zaxxer.hikari.HikariDataSource       : HikariPool-1 - Starting...
2024-10-16T01:35:44.381-06:00  INFO 22312 --- [productosBancarios] [           main] com.zaxxer.hikari.pool.HikariPool        : HikariPool-1 - Added connection conn0: url=jdbc:h2:mem:testdb user=SA
2024-10-16T01:35:44.382-06:00  INFO 22312 --- [productosBancarios] [           main] com.zaxxer.hikari.HikariDataSource       : HikariPool-1 - Start completed.
2024-10-16T01:35:44.395-06:00  WARN 22312 --- [productosBancarios] [           main] org.hibernate.orm.deprecation            : HHH90000025: H2Dialect does not need to be specified explicitly using 'hibernate.dialect' (remove the property setting and it will be selected by default)
2024-10-16T01:35:44.876-06:00  INFO 22312 --- [productosBancarios] [           main] o.h.e.t.j.p.i.JtaPlatformInitiator       : HHH000489: No JTA platform available (set 'hibernate.transaction.jta.platform' to enable JTA platform integration)
Hibernate: 
    create table cliente (
        id bigint generated by default as identity,
        activado boolean not null,
        fotografia_carnet clob,
        fotografia_selfie clob,
        id_para_notificacion_push varchar(255),
        informacion_direccion varchar(255),
        nombre_completo varchar(255),
        telefono varchar(255),
        id_paquete bigint,
        primary key (id)
    )
Hibernate: 
    create table grupo_de_productos (
        id_paquete bigint generated by default as identity,
        descripcion varchar(255),
        nombre_paquete varchar(255),
        primary key (id_paquete)
    )
Hibernate: 
    alter table if exists cliente 
       add constraint FKpaemjwgkbn99npi6ui3w4b609 
       foreign key (id_paquete) 
       references grupo_de_productos
2024-10-16T01:35:44.911-06:00  INFO 22312 --- [productosBancarios] [           main] j.LocalContainerEntityManagerFactoryBean : Initialized JPA EntityManagerFactory for persistence unit 'default'
2024-10-16T01:35:45.136-06:00  WARN 22312 --- [productosBancarios] [           main] JpaBaseConfiguration$JpaWebConfiguration : spring.jpa.open-in-view is enabled by default. Therefore, database queries may be performed during view rendering. Explicitly configure spring.jpa.open-in-view to disable this warning
2024-10-16T01:35:45.335-06:00  INFO 22312 --- [productosBancarios] [           main] o.s.b.a.h2.H2ConsoleAutoConfiguration    : H2 console available at '/h2-console'. Database available at 'jdbc:h2:mem:testdb'
2024-10-16T01:35:45.366-06:00  INFO 22312 --- [productosBancarios] [           main] c.u.p.ProductosBancariosApplicationTests : Started ProductosBancariosApplicationTests in 2.166 seconds (process running for 2.843)
]]></system-out>
    <system-err><![CDATA[WARNING: A Java agent has been loaded dynamically (C:\Users\Johan\.m2\repository\net\bytebuddy\byte-buddy-agent\1.14.19\byte-buddy-agent-1.14.19.jar)
WARNING: If a serviceability tool is in use, please run with -XX:+EnableDynamicAgentLoading to hide this warning
WARNING: If a serviceability tool is not in use, please run with -Djdk.instrument.traceUsage for more information
WARNING: Dynamic loading of agents will be disallowed by default in a future release
]]></system-err>
  </testcase>
</testsuite>